<?xml version="1.0" encoding="UTF-8"?>
<testng-results ignored="0" total="1" passed="1" failed="0" skipped="0">
  <reporter-output>
  </reporter-output>
  <suite started-at="2024-09-21T13:02:07 EDT" name="Default suite" finished-at="2024-09-21T13:02:07 EDT" duration-ms="39">
    <groups>
    </groups>
    <test started-at="2024-09-21T13:02:07 EDT" name="Default test" finished-at="2024-09-21T13:02:07 EDT" duration-ms="39">
      <class name="com.testing.PracticeAnnotation">
        <test-method is-config="true" signature="getShopping()[pri:0, instance:com.testing.PracticeAnnotation@4bc222e]" started-at="2024-09-21T13:02:07 EDT" name="getShopping" finished-at="2024-09-21T13:02:07 EDT" duration-ms="3" status="PASS">
          <reporter-output>
          </reporter-output>
        </test-method> <!-- getShopping -->
        <test-method signature="getCart()[pri:0, instance:com.testing.PracticeAnnotation@4bc222e]" started-at="2024-09-21T13:02:07 EDT" name="getCart" finished-at="2024-09-21T13:02:07 EDT" duration-ms="6" status="PASS">
          <reporter-output>
          </reporter-output>
        </test-method> <!-- getCart -->
        <test-method is-config="true" signature="getMoney()[pri:0, instance:com.testing.PracticeAnnotation@4bc222e]" started-at="2024-09-21T13:02:07 EDT" name="getMoney" finished-at="2024-09-21T13:02:07 EDT" duration-ms="1" status="PASS">
          <reporter-output>
          </reporter-output>
        </test-method> <!-- getMoney -->
      </class> <!-- com.testing.PracticeAnnotation -->
    </test> <!-- Default test -->
  </suite> <!-- Default suite -->
</testng-results>
